<?xml version="1.0" encoding="UTF-8"?>
<testng-results skipped="0" failed="1" total="1" passed="0">
  <reporter-output>
    <line>
      <![CDATA[Capturing Screenshot !!!]]>
    </line>
  </reporter-output>
  <suite name="Data Drivern FW" duration-ms="1847" started-at="2019-01-25T13:54:06Z" finished-at="2019-01-25T13:54:08Z">
    <groups>
    </groups>
    <test name="LoginTest" duration-ms="1847" started-at="2019-01-25T13:54:06Z" finished-at="2019-01-25T13:54:08Z">
      <class name="com.duke.testCases.loginIn">
        <test-method status="PASS" signature="setUp()[pri:0, instance:com.duke.testCases.loginIn@71d44a3]" name="setUp" is-config="true" duration-ms="23021" started-at="2019-01-25T19:23:43Z" finished-at="2019-01-25T19:24:06Z">
          <reporter-output>
          </reporter-output>
        </test-method> <!-- setUp -->
        <test-method status="FAIL" signature="LoginIn()[pri:0, instance:com.duke.testCases.loginIn@71d44a3]" name="LoginIn" duration-ms="938" started-at="2019-01-25T19:24:07Z" finished-at="2019-01-25T19:24:07Z">
          <exception class="java.lang.AssertionError">
            <message>
              <![CDATA[Test Failed]]>
            </message>
            <full-stacktrace>
              <![CDATA[java.lang.AssertionError: Test Failed
	at org.testng.Assert.fail(Assert.java:94)
	at com.duke.testCases.loginIn.LoginIn(loginIn.java:24)
	at sun.reflect.NativeMethodAccessorImpl.invoke0(Native Method)
	at sun.reflect.NativeMethodAccessorImpl.invoke(NativeMethodAccessorImpl.java:62)
	at sun.reflect.DelegatingMethodAccessorImpl.invoke(DelegatingMethodAccessorImpl.java:43)
	at java.lang.reflect.Method.invoke(Method.java:498)
	at org.testng.internal.MethodInvocationHelper.invokeMethod(MethodInvocationHelper.java:80)
	at org.testng.internal.Invoker.invokeMethod(Invoker.java:714)
	at org.testng.internal.Invoker.invokeTestMethod(Invoker.java:901)
	at org.testng.internal.Invoker.invokeTestMethods(Invoker.java:1231)
	at org.testng.internal.TestMethodWorker.invokeTestMethods(TestMethodWorker.java:127)
	at org.testng.internal.TestMethodWorker.run(TestMethodWorker.java:111)
	at org.testng.TestRunner.privateRun(TestRunner.java:767)
	at org.testng.TestRunner.run(TestRunner.java:617)
	at org.testng.SuiteRunner.runTest(SuiteRunner.java:334)
	at org.testng.SuiteRunner.runSequentially(SuiteRunner.java:329)
	at org.testng.SuiteRunner.privateRun(SuiteRunner.java:291)
	at org.testng.SuiteRunner.run(SuiteRunner.java:240)
	at org.testng.SuiteRunnerWorker.runSuite(SuiteRunnerWorker.java:52)
	at org.testng.SuiteRunnerWorker.run(SuiteRunnerWorker.java:86)
	at org.testng.TestNG.runSuitesSequentially(TestNG.java:1198)
	at org.testng.TestNG.runSuitesLocally(TestNG.java:1123)
	at org.testng.TestNG.run(TestNG.java:1031)
	at org.apache.maven.surefire.testng.TestNGExecutor.run(TestNGExecutor.java:283)
	at org.apache.maven.surefire.testng.TestNGXmlTestSuite.execute(TestNGXmlTestSuite.java:75)
	at org.apache.maven.surefire.testng.TestNGProvider.invoke(TestNGProvider.java:120)
	at org.apache.maven.surefire.booter.ForkedBooter.invokeProviderInSameClassLoader(ForkedBooter.java:384)
	at org.apache.maven.surefire.booter.ForkedBooter.runSuitesInProcess(ForkedBooter.java:345)
	at org.apache.maven.surefire.booter.ForkedBooter.execute(ForkedBooter.java:126)
	at org.apache.maven.surefire.booter.ForkedBooter.main(ForkedBooter.java:418)
]]>
            </full-stacktrace>
          </exception> <!-- java.lang.AssertionError -->
          <reporter-output>
            <line>
              <![CDATA[Capturing Screenshot !!!]]>
            </line>
          </reporter-output>
        </test-method> <!-- LoginIn -->
        <test-method status="PASS" signature="tearDown()[pri:0, instance:com.duke.testCases.loginIn@71d44a3]" name="tearDown" is-config="true" duration-ms="1375" started-at="2019-01-25T19:24:10Z" finished-at="2019-01-25T19:24:11Z">
          <reporter-output>
          </reporter-output>
        </test-method> <!-- tearDown -->
      </class> <!-- com.duke.testCases.loginIn -->
    </test> <!-- LoginTest -->
  </suite> <!-- Data Drivern FW -->
</testng-results>
